# JRE version: OpenJDK Runtime Environment AdoptOpenJDK (11.0.10+9) (build 11.0.10+9)
# Java VM: OpenJDK 64-Bit Server VM AdoptOpenJDK (11.0.10+9, mixed mode, tiered, compressed oops, parallel gc, linux-amd64)
Heap:
 PSYoungGen      total 7680K, used 503K [0x00000000eab00000, 0x00000000ebb00000, 0x0000000100000000)
  eden space 7168K, 0% used [0x00000000eab00000,0x00000000eab00000,0x00000000eb200000)
  from space 512K, 98% used [0x00000000eb480000,0x00000000eb4fddb8,0x00000000eb500000)
  to   space 4608K, 0% used [0x00000000eb680000,0x00000000eb680000,0x00000000ebb00000)
 ParOldGen       total 111104K, used 108715K [0x00000000c0000000, 0x00000000c6c80000, 0x00000000eab00000)
  object space 111104K, 97% used [0x00000000c0000000,0x00000000c6a2ac30,0x00000000c6c80000)
 Metaspace       used 80747K, capacity 84186K, committed 84480K, reserved 1124352K
  class space    used 7622K, capacity 8859K, committed 8960K, reserved 1048576K
GC Heap History (20 events):
Event: 29336.672 GC heap after
{Heap after GC invocations=825 (full 29):
 PSYoungGen      total 8192K, used 656K [0x00000000eab00000, 0x00000000eb600000, 0x0000000100000000)
  eden space 7168K, 0% used [0x00000000eab00000,0x00000000eab00000,0x00000000eb200000)
  from space 1024K, 64% used [0x00000000eb500000,0x00000000eb5a42a8,0x00000000eb600000)
  to   space 1536K, 0% used [0x00000000eb300000,0x00000000eb300000,0x00000000eb480000)
 ParOldGen       total 111104K, used 101530K [0x00000000c0000000, 0x00000000c6c80000, 0x00000000eab00000)
  object space 111104K, 91% used [0x00000000c0000000,0x00000000c6326b40,0x00000000c6c80000)
 Metaspace       used 80675K, capacity 84186K, committed 84480K, reserved 1124352K
  class space    used 7622K, capacity 8859K, committed 8960K, reserved 1048576K
}
Event: 29336.714 GC heap before
{Heap before GC invocations=826 (full 29):
 PSYoungGen      total 8192K, used 7824K [0x00000000eab00000, 0x00000000eb600000, 0x0000000100000000)
  eden space 7168K, 100% used [0x00000000eab00000,0x00000000eb200000,0x00000000eb200000)
  from space 1024K, 64% used [0x00000000eb500000,0x00000000eb5a42a8,0x00000000eb600000)
  to   space 1536K, 0% used [0x00000000eb300000,0x00000000eb300000,0x00000000eb480000)
 ParOldGen       total 111104K, used 101530K [0x00000000c0000000, 0x00000000c6c80000, 0x00000000eab00000)
  object space 111104K, 91% used [0x00000000c0000000,0x00000000c6326b40,0x00000000c6c80000)
 Metaspace       used 80682K, capacity 84186K, committed 84480K, reserved 1124352K
  class space    used 7622K, capacity 8859K, committed 8960K, reserved 1048576K
}
Event: 29336.719 GC heap after
{Heap after GC invocations=826 (full 29):
 PSYoungGen      total 8704K, used 1509K [0x00000000eab00000, 0x00000000eb800000, 0x0000000100000000)
  eden space 7168K, 0% used [0x00000000eab00000,0x00000000eab00000,0x00000000eb200000)
  from space 1536K, 98% used [0x00000000eb300000,0x00000000eb479430,0x00000000eb480000)
  to   space 3072K, 0% used [0x00000000eb500000,0x00000000eb500000,0x00000000eb800000)
 ParOldGen       total 111104K, used 102304K [0x00000000c0000000, 0x00000000c6c80000, 0x00000000eab00000)
  object space 111104K, 92% used [0x00000000c0000000,0x00000000c63e8268,0x00000000c6c80000)
 Metaspace       used 80682K, capacity 84186K, committed 84480K, reserved 1124352K
  class space    used 7622K, capacity 8859K, committed 8960K, reserved 1048576K
}
Event: 29336.751 GC heap before
{Heap before GC invocations=827 (full 29):
 PSYoungGen      total 8704K, used 8677K [0x00000000eab00000, 0x00000000eb800000, 0x0000000100000000)
  eden space 7168K, 100% used [0x00000000eab00000,0x00000000eb200000,0x00000000eb200000)
  from space 1536K, 98% used [0x00000000eb300000,0x00000000eb479430,0x00000000eb480000)
  to   space 3072K, 0% used [0x00000000eb500000,0x00000000eb500000,0x00000000eb800000)
 ParOldGen       total 111104K, used 102304K [0x00000000c0000000, 0x00000000c6c80000, 0x00000000eab00000)
  object space 111104K, 92% used [0x00000000c0000000,0x00000000c63e8268,0x00000000c6c80000)
 Metaspace       used 80689K, capacity 84186K, committed 84480K, reserved 1124352K
  class space    used 7622K, capacity 8859K, committed 8960K, reserved 1048576K
}
Event: 29336.754 GC heap after
{Heap after GC invocations=827 (full 29):
 PSYoungGen      total 7680K, used 226K [0x00000000eab00000, 0x00000000eb580000, 0x0000000100000000)
  eden space 7168K, 0% used [0x00000000eab00000,0x00000000eab00000,0x00000000eb200000)
  from space 512K, 44% used [0x00000000eb500000,0x00000000eb538990,0x00000000eb580000)
  to   space 1024K, 0% used [0x00000000eb380000,0x00000000eb380000,0x00000000eb480000)
 ParOldGen       total 111104K, used 104246K [0x00000000c0000000, 0x00000000c6c80000, 0x00000000eab00000)
  object space 111104K, 93% used [0x00000000c0000000,0x00000000c65cd908,0x00000000c6c80000)
 Metaspace       used 80689K, capacity 84186K, committed 84480K, reserved 1124352K
  class space    used 7622K, capacity 8859K, committed 8960K, reserved 1048576K
}
Event: 29336.830 GC heap before
{Heap before GC invocations=828 (full 29):
 PSYoungGen      total 7680K, used 7373K [0x00000000eab00000, 0x00000000eb580000, 0x0000000100000000)
  eden space 7168K, 99% used [0x00000000eab00000,0x00000000eb1fadb8,0x00000000eb200000)
  from space 512K, 44% used [0x00000000eb500000,0x00000000eb538990,0x00000000eb580000)
  to   space 1024K, 0% used [0x00000000eb380000,0x00000000eb380000,0x00000000eb480000)
 ParOldGen       total 111104K, used 104246K [0x00000000c0000000, 0x00000000c6c80000, 0x00000000eab00000)
  object space 111104K, 93% used [0x00000000c0000000,0x00000000c65cd908,0x00000000c6c80000)
 Metaspace       used 80704K, capacity 84186K, committed 84480K, reserved 1124352K
  class space    used 7622K, capacity 8859K, committed 8960K, reserved 1048576K
}
Event: 29336.834 GC heap after
{Heap after GC invocations=828 (full 29):
 PSYoungGen      total 8192K, used 238K [0x00000000eab00000, 0x00000000eb580000, 0x0000000100000000)
  eden space 7168K, 0% used [0x00000000eab00000,0x00000000eab00000,0x00000000eb200000)
  from space 1024K, 23% used [0x00000000eb380000,0x00000000eb3bb928,0x00000000eb480000)
  to   space 512K, 0% used [0x00000000eb500000,0x00000000eb500000,0x00000000eb580000)
 ParOldGen       total 111104K, used 104448K [0x00000000c0000000, 0x00000000c6c80000, 0x00000000eab00000)
  object space 111104K, 94% used [0x00000000c0000000,0x00000000c6600298,0x00000000c6c80000)
 Metaspace       used 80704K, capacity 84186K, committed 84480K, reserved 1124352K
  class space    used 7622K, capacity 8859K, committed 8960K, reserved 1048576K
}
Event: 29336.871 GC heap before
{Heap before GC invocations=829 (full 29):
 PSYoungGen      total 8192K, used 7387K [0x00000000eab00000, 0x00000000eb580000, 0x0000000100000000)
  eden space 7168K, 99% used [0x00000000eab00000,0x00000000eb1fb468,0x00000000eb200000)
  from space 1024K, 23% used [0x00000000eb380000,0x00000000eb3bb928,0x00000000eb480000)
  to   space 512K, 0% used [0x00000000eb500000,0x00000000eb500000,0x00000000eb580000)
 ParOldGen       total 111104K, used 104448K [0x00000000c0000000, 0x00000000c6c80000, 0x00000000eab00000)
  object space 111104K, 94% used [0x00000000c0000000,0x00000000c6600298,0x00000000c6c80000)
 Metaspace       used 80716K, capacity 84186K, committed 84480K, reserved 1124352K
  class space    used 7622K, capacity 8859K, committed 8960K, reserved 1048576K
}
Event: 29336.873 GC heap after
{Heap after GC invocations=829 (full 29):
 PSYoungGen      total 7680K, used 96K [0x00000000eab00000, 0x00000000eb580000, 0x0000000100000000)
  eden space 7168K, 0% used [0x00000000eab00000,0x00000000eab00000,0x00000000eb200000)
  from space 512K, 18% used [0x00000000eb500000,0x00000000eb518000,0x00000000eb580000)
  to   space 512K, 0% used [0x00000000eb480000,0x00000000eb480000,0x00000000eb500000)
 ParOldGen       total 111104K, used 104599K [0x00000000c0000000, 0x00000000c6c80000, 0x00000000eab00000)
  object space 111104K, 94% used [0x00000000c0000000,0x00000000c6625f18,0x00000000c6c80000)
 Metaspace       used 80716K, capacity 84186K, committed 84480K, reserved 1124352K
  class space    used 7622K, capacity 8859K, committed 8960K, reserved 1048576K
}
Event: 29336.901 GC heap before
{Heap before GC invocations=830 (full 29):
 PSYoungGen      total 7680K, used 7264K [0x00000000eab00000, 0x00000000eb580000, 0x0000000100000000)
  eden space 7168K, 100% used [0x00000000eab00000,0x00000000eb200000,0x00000000eb200000)
  from space 512K, 18% used [0x00000000eb500000,0x00000000eb518000,0x00000000eb580000)
  to   space 512K, 0% used [0x00000000eb480000,0x00000000eb480000,0x00000000eb500000)
 ParOldGen       total 111104K, used 104599K [0x00000000c0000000, 0x00000000c6c80000, 0x00000000eab00000)
  object space 111104K, 94% used [0x00000000c0000000,0x00000000c6625f18,0x00000000c6c80000)
 Metaspace       used 80721K, capacity 84186K, committed 84480K, reserved 1124352K
  class space    used 7622K, capacity 8859K, committed 8960K, reserved 1048576K
}
Event: 29336.903 GC heap after
{Heap after GC invocations=830 (full 29):
 PSYoungGen      total 7680K, used 128K [0x00000000eab00000, 0x00000000eb580000, 0x0000000100000000)
  eden space 7168K, 0% used [0x00000000eab00000,0x00000000eab00000,0x00000000eb200000)
  from space 512K, 25% used [0x00000000eb480000,0x00000000eb4a0000,0x00000000eb500000)
  to   space 512K, 0% used [0x00000000eb500000,0x00000000eb500000,0x00000000eb580000)
 ParOldGen       total 111104K, used 104599K [0x00000000c0000000, 0x00000000c6c80000, 0x00000000eab00000)
  object space 111104K, 94% used [0x00000000c0000000,0x00000000c6625f18,0x00000000c6c80000)
 Metaspace       used 80721K, capacity 84186K, committed 84480K, reserved 1124352K
  class space    used 7622K, capacity 8859K, committed 8960K, reserved 1048576K
}
Event: 29339.819 GC heap before
{Heap before GC invocations=831 (full 29):
 PSYoungGen      total 7680K, used 7296K [0x00000000eab00000, 0x00000000eb580000, 0x0000000100000000)
  eden space 7168K, 100% used [0x00000000eab00000,0x00000000eb200000,0x00000000eb200000)
  from space 512K, 25% used [0x00000000eb480000,0x00000000eb4a0000,0x00000000eb500000)
  to   space 512K, 0% used [0x00000000eb500000,0x00000000eb500000,0x00000000eb580000)
 ParOldGen       total 111104K, used 104599K [0x00000000c0000000, 0x00000000c6c80000, 0x00000000eab00000)
  object space 111104K, 94% used [0x00000000c0000000,0x00000000c6625f18,0x00000000c6c80000)
 Metaspace       used 80735K, capacity 84186K, committed 84480K, reserved 1124352K
  class space    used 7622K, capacity 8859K, committed 8960K, reserved 1048576K
}
Event: 29339.821 GC heap after
{Heap after GC invocations=831 (full 29):
 PSYoungGen      total 7680K, used 298K [0x00000000eab00000, 0x00000000eb580000, 0x0000000100000000)
  eden space 7168K, 0% used [0x00000000eab00000,0x00000000eab00000,0x00000000eb200000)
  from space 512K, 58% used [0x00000000eb500000,0x00000000eb54a910,0x00000000eb580000)
  to   space 512K, 0% used [0x00000000eb480000,0x00000000eb480000,0x00000000eb500000)
 ParOldGen       total 111104K, used 104644K [0x00000000c0000000, 0x00000000c6c80000, 0x00000000eab00000)
  object space 111104K, 94% used [0x00000000c0000000,0x00000000c66311f8,0x00000000c6c80000)
 Metaspace       used 80735K, capacity 84186K, committed 84480K, reserved 1124352K
  class space    used 7622K, capacity 8859K, committed 8960K, reserved 1048576K
}
Event: 29339.871 GC heap before
{Heap before GC invocations=832 (full 29):
 PSYoungGen      total 7680K, used 7466K [0x00000000eab00000, 0x00000000eb580000, 0x0000000100000000)
  eden space 7168K, 100% used [0x00000000eab00000,0x00000000eb200000,0x00000000eb200000)
  from space 512K, 58% used [0x00000000eb500000,0x00000000eb54a910,0x00000000eb580000)
  to   space 512K, 0% used [0x00000000eb480000,0x00000000eb480000,0x00000000eb500000)
 ParOldGen       total 111104K, used 104644K [0x00000000c0000000, 0x00000000c6c80000, 0x00000000eab00000)
  object space 111104K, 94% used [0x00000000c0000000,0x00000000c66311f8,0x00000000c6c80000)
 Metaspace       used 80744K, capacity 84186K, committed 84480K, reserved 1124352K
  class space    used 7622K, capacity 8859K, committed 8960K, reserved 1048576K
}
Event: 29339.874 GC heap after
{Heap after GC invocations=832 (full 29):
 PSYoungGen      total 7680K, used 510K [0x00000000eab00000, 0x00000000eb580000, 0x0000000100000000)
  eden space 7168K, 0% used [0x00000000eab00000,0x00000000eab00000,0x00000000eb200000)
  from space 512K, 99% used [0x00000000eb480000,0x00000000eb4ffb10,0x00000000eb500000)
  to   space 512K, 0% used [0x00000000eb500000,0x00000000eb500000,0x00000000eb580000)
 ParOldGen       total 111104K, used 105061K [0x00000000c0000000, 0x00000000c6c80000, 0x00000000eab00000)
  object space 111104K, 94% used [0x00000000c0000000,0x00000000c66995d8,0x00000000c6c80000)
 Metaspace       used 80744K, capacity 84186K, committed 84480K, reserved 1124352K
  class space    used 7622K, capacity 8859K, committed 8960K, reserved 1048576K
}
Event: 29542.306 GC heap before
{Heap before GC invocations=833 (full 29):
 PSYoungGen      total 7680K, used 7678K [0x00000000eab00000, 0x00000000eb580000, 0x0000000100000000)
  eden space 7168K, 99% used [0x00000000eab00000,0x00000000eb1ffe60,0x00000000eb200000)
  from space 512K, 99% used [0x00000000eb480000,0x00000000eb4ffb10,0x00000000eb500000)
  to   space 512K, 0% used [0x00000000eb500000,0x00000000eb500000,0x00000000eb580000)
 ParOldGen       total 111104K, used 105061K [0x00000000c0000000, 0x00000000c6c80000, 0x00000000eab00000)
  object space 111104K, 94% used [0x00000000c0000000,0x00000000c66995d8,0x00000000c6c80000)
 Metaspace       used 80746K, capacity 84186K, committed 84480K, reserved 1124352K
  class space    used 7622K, capacity 8859K, committed 8960K, reserved 1048576K
}
Event: 29542.307 GC heap after
{Heap after GC invocations=833 (full 29):
 PSYoungGen      total 7680K, used 160K [0x00000000eab00000, 0x00000000eb580000, 0x0000000100000000)
  eden space 7168K, 0% used [0x00000000eab00000,0x00000000eab00000,0x00000000eb200000)
  from space 512K, 31% used [0x00000000eb500000,0x00000000eb528000,0x00000000eb580000)
  to   space 512K, 0% used [0x00000000eb480000,0x00000000eb480000,0x00000000eb500000)
 ParOldGen       total 111104K, used 105566K [0x00000000c0000000, 0x00000000c6c80000, 0x00000000eab00000)
  object space 111104K, 95% used [0x00000000c0000000,0x00000000c67179f8,0x00000000c6c80000)
 Metaspace       used 80746K, capacity 84186K, committed 84480K, reserved 1124352K
  class space    used 7622K, capacity 8859K, committed 8960K, reserved 1048576K
}
Event: 29586.701 GC heap before
{Heap before GC invocations=834 (full 29):
 PSYoungGen      total 7680K, used 7328K [0x00000000eab00000, 0x00000000eb580000, 0x0000000100000000)
  eden space 7168K, 100% used [0x00000000eab00000,0x00000000eb200000,0x00000000eb200000)
  from space 512K, 31% used [0x00000000eb500000,0x00000000eb528000,0x00000000eb580000)
  to   space 512K, 0% used [0x00000000eb480000,0x00000000eb480000,0x00000000eb500000)
 ParOldGen       total 111104K, used 105566K [0x00000000c0000000, 0x00000000c6c80000, 0x00000000eab00000)
  object space 111104K, 95% used [0x00000000c0000000,0x00000000c67179f8,0x00000000c6c80000)
 Metaspace       used 80747K, capacity 84186K, committed 84480K, reserved 1124352K
  class space    used 7622K, capacity 8859K, committed 8960K, reserved 1048576K
}
Event: 29586.705 GC heap after
{Heap after GC invocations=834 (full 29):
 PSYoungGen      total 7680K, used 503K [0x00000000eab00000, 0x00000000ebb00000, 0x0000000100000000)
  eden space 7168K, 0% used [0x00000000eab00000,0x00000000eab00000,0x00000000eb200000)
  from space 512K, 98% used [0x00000000eb480000,0x00000000eb4fddb8,0x00000000eb500000)
  to   space 4608K, 0% used [0x00000000eb680000,0x00000000eb680000,0x00000000ebb00000)
 ParOldGen       total 111104K, used 108715K [0x00000000c0000000, 0x00000000c6c80000, 0x00000000eab00000)
  object space 111104K, 97% used [0x00000000c0000000,0x00000000c6a2ac30,0x00000000c6c80000)
 Metaspace       used 80747K, capacity 84186K, committed 84480K, reserved 1124352K
  class space    used 7622K, capacity 8859K, committed 8960K, reserved 1048576K
}
Event: 29586.705 GC heap before
{Heap before GC invocations=835 (full 30):
 PSYoungGen      total 7680K, used 503K [0x00000000eab00000, 0x00000000ebb00000, 0x0000000100000000)
  eden space 7168K, 0% used [0x00000000eab00000,0x00000000eab00000,0x00000000eb200000)
  from space 512K, 98% used [0x00000000eb480000,0x00000000eb4fddb8,0x00000000eb500000)
  to   space 4608K, 0% used [0x00000000eb680000,0x00000000eb680000,0x00000000ebb00000)
 ParOldGen       total 111104K, used 108715K [0x00000000c0000000, 0x00000000c6c80000, 0x00000000eab00000)
  object space 111104K, 97% used [0x00000000c0000000,0x00000000c6a2ac30,0x00000000c6c80000)
 Metaspace       used 80747K, capacity 84186K, committed 84480K, reserved 1124352K
  class space    used 7622K, capacity 8859K, committed 8960K, reserved 1048576K
}

